<?xml version="1.0" encoding="UTF-8"?>
<!-- Generated by org.testng.reporters.JUnitXMLReporter -->
<testsuite ignored="2" hostname="LAPTOP-R5N14JA6" failures="1" tests="3" name="Test" time="25.395" errors="0" timestamp="11 Jun 2019 17:58:21 GMT">
  <testcase classname="testCases.TestCase1" name="testCase001" time="8.946"/>
  <testcase classname="testCases.TestCase1" name="testCase002" time="7.218">
    <failure type="java.lang.AssertionError" message="expected [true] but found [false]">
      <![CDATA[java.lang.AssertionError: expected [true] but found [false]
at testCases.TestCase1.testCase002(TestCase1.java:32)
... Removed 31 stack frames]]>
    </failure>
  </testcase> <!-- testCase002 -->
  <testcase classname="testCases.TestCase2" name="testCase003" time="8.629"/>
  <testcase classname="config.Base" name="@AfterSuite tearDown" time="0.0">
    <ignored/>
  </testcase> <!-- @AfterSuite tearDown -->
  <testcase classname="config.Base" name="@BeforeSuite startReport" time="0.0">
    <ignored/>
  </testcase> <!-- @BeforeSuite startReport -->
</testsuite> <!-- Test -->
